<?xml version="1.0" encoding="UTF-8"?>
<!-- Generated by org.testng.reporters.JUnitXMLReporter -->
<testsuite ignored="0" hostname="DESKTOP-AEIAP01" failures="0" tests="2" name="FirefoxTest" time="0.042" errors="0" timestamp="2022-05-28T18:42:32 IST">
  <testcase classname="testClass.TestClass" name="@BeforeTest launchBrowser" time="0.001">
    <failure type="java.lang.NullPointerException" message="Cannot invoke &amp;quot;org.openqa.selenium.WebDriver.manage()&amp;quot; because &amp;quot;this.driver&amp;quot; is null">
      <![CDATA[java.lang.NullPointerException: Cannot invoke "org.openqa.selenium.WebDriver.manage()" because "this.driver" is null
at testClass.TestClass.launchBrowser(TestClass.java:39)
... Removed 24 stack frames]]>
    </failure>
  </testcase> <!-- @BeforeTest launchBrowser -->
  <testcase classname="testClass.TestClass" name="@BeforeClass createPOMObject" time="-1.653743552075E9">
    <skipped/>
  </testcase> <!-- @BeforeClass createPOMObject -->
  <testcase classname="testClass.TestClass" name="@BeforeMethod loginToApplication" time="-1.653743552081E9">
    <skipped/>
  </testcase> <!-- @BeforeMethod loginToApplication -->
  <testcase classname="testClass.TestClass" name="@AfterMethod logoutFromApplication" time="-1.653743552088E9">
    <skipped/>
  </testcase> <!-- @AfterMethod logoutFromApplication -->
  <testcase classname="testClass.TestClass" name="@BeforeMethod loginToApplication" time="-1.653743552091E9">
    <skipped/>
  </testcase> <!-- @BeforeMethod loginToApplication -->
  <testcase classname="testClass.TestClass" name="@AfterMethod logoutFromApplication" time="-1.653743552096E9">
    <skipped/>
  </testcase> <!-- @AfterMethod logoutFromApplication -->
  <testcase classname="testClass.TestClass" name="@AfterClass clearObject" time="-1.653743552106E9">
    <skipped/>
  </testcase> <!-- @AfterClass clearObject -->
  <testcase classname="testClass.TestClass" name="@AfterTest closeBrowser" time="-1.653743552109E9">
    <skipped/>
  </testcase> <!-- @AfterTest closeBrowser -->
  <testcase classname="testClass.TestClass" name="verifyReportsTab" time="0.0">
    <skipped/>
  </testcase> <!-- verifyReportsTab -->
  <testcase classname="testClass.TestClass" name="verifyTaskTab" time="0.0">
    <skipped/>
  </testcase> <!-- verifyTaskTab -->
</testsuite> <!-- FirefoxTest -->
