<?xml version="1.0" encoding="UTF-8"?>
<!-- Generated by org.testng.reporters.JUnitXMLReporter -->
<testsuite ignored="0" hostname="DESKTOP-AEIAP01" failures="0" tests="2" name="ChromeTest" time="0.179" errors="0" timestamp="2022-05-28T23:15:49 IST">
  <testcase classname="testClass.TestClass" name="@BeforeClass createPOMObject" time="0.054">
    <failure type="java.lang.NullPointerException">
      <![CDATA[java.lang.NullPointerException
at java.base/java.util.Objects.requireNonNull(Objects.java:208)
at org.openqa.selenium.support.ui.FluentWait.<init>(FluentWait.java:106)
at org.openqa.selenium.support.ui.WebDriverWait.<init>(WebDriverWait.java:85)
at org.openqa.selenium.support.ui.WebDriverWait.<init>(WebDriverWait.java:45)
at pomClasses.LoginPage.<init>(LoginPage.java:24)
at testClass.TestClass.createPOMObject(TestClass.java:44)
at java.base/java.util.ArrayList.forEach(ArrayList.java:1511)
at java.base/java.util.concurrent.FutureTask.run(FutureTask.java:264)
at java.base/java.util.concurrent.ThreadPoolExecutor.runWorker(ThreadPoolExecutor.java:1136)
at java.base/java.util.concurrent.ThreadPoolExecutor$Worker.run(ThreadPoolExecutor.java:635)
at java.base/java.lang.Thread.run(Thread.java:833)
... Removed 16 stack frames]]>
    </failure>
  </testcase> <!-- @BeforeClass createPOMObject -->
  <testcase classname="testClass.TestClass" name="@BeforeMethod loginToApplication" time="-1.653759949643E9">
    <skipped/>
  </testcase> <!-- @BeforeMethod loginToApplication -->
  <testcase classname="testClass.TestClass" name="@AfterMethod logoutFromApplication" time="-1.653759949661E9">
    <skipped/>
  </testcase> <!-- @AfterMethod logoutFromApplication -->
  <testcase classname="testClass.TestClass" name="@BeforeMethod loginToApplication" time="-1.653759949666E9">
    <skipped/>
  </testcase> <!-- @BeforeMethod loginToApplication -->
  <testcase classname="testClass.TestClass" name="@AfterMethod logoutFromApplication" time="-1.653759949676E9">
    <skipped/>
  </testcase> <!-- @AfterMethod logoutFromApplication -->
  <testcase classname="testClass.TestClass" name="@AfterClass clearObject" time="-1.653759949679E9">
    <skipped/>
  </testcase> <!-- @AfterClass clearObject -->
  <testcase classname="testClass.TestClass" name="@AfterTest closeBrowser" time="-1.653759949685E9">
    <skipped/>
  </testcase> <!-- @AfterTest closeBrowser -->
  <testcase classname="testClass.TestClass" name="verifyReportsTab" time="0.0">
    <skipped/>
  </testcase> <!-- verifyReportsTab -->
  <testcase classname="testClass.TestClass" name="verifyTaskTab" time="0.0">
    <skipped/>
  </testcase> <!-- verifyTaskTab -->
</testsuite> <!-- ChromeTest -->
